07-22-2016 @ 09:06:46 - Queuing 2.6.0 - wc_update_260_options
07-22-2016 @ 09:06:46 - Queuing 2.6.0 - wc_update_260_termmeta
07-22-2016 @ 09:06:46 - Queuing 2.6.0 - wc_update_260_zones
07-22-2016 @ 09:06:46 - Queuing 2.6.0 - wc_update_260_zone_methods
07-22-2016 @ 09:06:46 - Queuing 2.6.0 - wc_update_260_refunds
07-22-2016 @ 09:06:46 - Queuing 2.6.0 - wc_update_260_db_version
07-22-2016 @ 09:06:47 - Unable to dispatch WooCommerce updater: Operation timed out after 1000 milliseconds with 0 bytes received
07-22-2016 @ 09:06:47 - Running wc_update_260_options callback
07-22-2016 @ 09:06:47 - Finished wc_update_260_options callback
07-22-2016 @ 09:06:47 - Running wc_update_260_termmeta callback
07-22-2016 @ 09:06:47 - Finished wc_update_260_termmeta callback
07-22-2016 @ 09:06:47 - Running wc_update_260_zones callback
07-22-2016 @ 09:06:47 - Finished wc_update_260_zones callback
07-22-2016 @ 09:06:47 - Running wc_update_260_zone_methods callback
07-22-2016 @ 09:06:47 - Finished wc_update_260_zone_methods callback
07-22-2016 @ 09:06:47 - Running wc_update_260_refunds callback
07-22-2016 @ 09:06:47 - Finished wc_update_260_refunds callback
07-22-2016 @ 09:06:47 - Running wc_update_260_db_version callback
07-22-2016 @ 09:06:47 - Finished wc_update_260_db_version callback
07-22-2016 @ 09:06:47 - Data update complete
